Flow report for DE2_115
Mon Nov 28 16:47:19 2022
Quartus Prime Version 18.1.0 Build 625 09/12/2018 SJ Standard Edition


---------------------
; Table of Contents ;
---------------------
  1. Legal Notice
  2. Flow Summary
  3. Flow Settings
  4. Flow Non-Default Global Settings
  5. Flow Elapsed Time
  6. Flow OS Summary
  7. Flow Log
  8. Flow Messages
  9. Flow Suppressed Messages



----------------
; Legal Notice ;
----------------
Copyright (C) 2018  Intel Corporation. All rights reserved.
Your use of Intel Corporation's design tools, logic functions 
and other software and tools, and its AMPP partner logic 
functions, and any output files from any of the foregoing 
(including device programming or simulation files), and any 
associated documentation or information are expressly subject 
to the terms and conditions of the Intel Program License 
Subscription Agreement, the Intel Quartus Prime License Agreement,
the Intel FPGA IP License Agreement, or other applicable license
agreement, including, without limitation, that your use is for
the sole purpose of programming logic devices manufactured by
Intel and sold by Intel or its authorized distributors.  Please
refer to the applicable agreement for further details.



+--------------------------------------------------------------------------------------+
; Flow Summary                                                                         ;
+------------------------------------+-------------------------------------------------+
; Flow Status                        ; Successful - Mon Nov 28 16:47:14 2022           ;
; Quartus Prime Version              ; 18.1.0 Build 625 09/12/2018 SJ Standard Edition ;
; Revision Name                      ; DE2_115                                         ;
; Top-level Entity Name              ; top                                             ;
; Family                             ; Cyclone IV E                                    ;
; Device                             ; EP4CE115F29C7                                   ;
; Timing Models                      ; Final                                           ;
; Total logic elements               ; 3,350 / 114,480 ( 3 % )                         ;
;     Total combinational functions  ; 3,183 / 114,480 ( 3 % )                         ;
;     Dedicated logic registers      ; 1,224 / 114,480 ( 1 % )                         ;
; Total registers                    ; 1224                                            ;
; Total pins                         ; 108 / 529 ( 20 % )                              ;
; Total virtual pins                 ; 0                                               ;
; Total memory bits                  ; 0 / 3,981,312 ( 0 % )                           ;
; Embedded Multiplier 9-bit elements ; 16 / 532 ( 3 % )                                ;
; Total PLLs                         ; 0 / 4 ( 0 % )                                   ;
+------------------------------------+-------------------------------------------------+


+-----------------------------------------+
; Flow Settings                           ;
+-------------------+---------------------+
; Option            ; Setting             ;
+-------------------+---------------------+
; Start date & time ; 11/28/2022 16:44:44 ;
; Main task         ; Compilation         ;
; Revision Name     ; DE2_115             ;
+-------------------+---------------------+


+----------------------------------------------------------------------------------------------------+
; Flow Non-Default Global Settings                                                                   ;
+-----------------------+---------------------------------+---------------+-------------+------------+
; Assignment Name       ; Value                           ; Default Value ; Entity Name ; Section Id ;
+-----------------------+---------------------------------+---------------+-------------+------------+
; COMPILER_SIGNATURE_ID ; 128122668291421.166967188423212 ; --            ; --          ; --         ;
; TOP_LEVEL_ENTITY      ; top                             ; DE2_115       ; --          ; --         ;
+-----------------------+---------------------------------+---------------+-------------+------------+


+--------------------------------------------------------------------------------------------------------------------------+
; Flow Elapsed Time                                                                                                        ;
+----------------------+--------------+-------------------------+---------------------+------------------------------------+
; Module Name          ; Elapsed Time ; Average Processors Used ; Peak Virtual Memory ; Total CPU Time (on all processors) ;
+----------------------+--------------+-------------------------+---------------------+------------------------------------+
; Analysis & Synthesis ; 00:00:22     ; 1.0                     ; 1051 MB             ; 00:00:36                           ;
; Fitter               ; 00:02:02     ; 1.0                     ; 2067 MB             ; 00:02:30                           ;
; Assembler            ; 00:00:03     ; 1.0                     ; 815 MB              ; 00:00:03                           ;
; Timing Analyzer      ; 00:00:04     ; 1.5                     ; 990 MB              ; 00:00:04                           ;
; Total                ; 00:02:31     ; --                      ; --                  ; 00:03:13                           ;
+----------------------+--------------+-------------------------+---------------------+------------------------------------+


+----------------------------------------------------------------------------------------+
; Flow OS Summary                                                                        ;
+----------------------+------------------+----------------+------------+----------------+
; Module Name          ; Machine Hostname ; OS Name        ; OS Version ; Processor type ;
+----------------------+------------------+----------------+------------+----------------+
; Analysis & Synthesis ; cocsce-l3d22-04  ; Ubuntu 20.04.4 ; 20         ; x86_64         ;
; Fitter               ; cocsce-l3d22-04  ; Ubuntu 20.04.4 ; 20         ; x86_64         ;
; Assembler            ; cocsce-l3d22-04  ; Ubuntu 20.04.4 ; 20         ; x86_64         ;
; Timing Analyzer      ; cocsce-l3d22-04  ; Ubuntu 20.04.4 ; 20         ; x86_64         ;
+----------------------+------------------+----------------+------------+----------------+


------------
; Flow Log ;
------------
quartus_map --read_settings_files=on --write_settings_files=off DE2_115 -c DE2_115
quartus_fit --read_settings_files=off --write_settings_files=off DE2_115 -c DE2_115
quartus_asm --read_settings_files=off --write_settings_files=off DE2_115 -c DE2_115
quartus_sta DE2_115 -c DE2_115



